<?xml version="1.0" encoding="UTF-8"?>
<!-- Generated by org.testng.reporters.JUnitXMLReporter -->
<testsuite ignored="0" hostname="Rubaiyats-MacBook-Air.local" failures="0" tests="20" name="Default test" time="81.559" errors="0" timestamp="2023-10-10T08:00:22 BDT">
  <testcase classname="Test.ComputerVillage" name="invalidCredential" time="1.365"/>
  <testcase classname="Test.ComputerVillage" name="signup" time="3.566"/>
  <testcase classname="Test.ComputerVillage" name="resetPassword" time="1.334"/>
  <testcase classname="Test.ComputerVillage" name="login" time="10.095"/>
  <testcase classname="Test.ComputerVillage" name="search" time="1.418"/>
  <testcase classname="Test.ComputerVillage" name="results" time="0.027"/>
  <testcase classname="Test.ComputerVillage" name="filters" time="7.735"/>
  <testcase classname="Test.ComputerVillage" name="productDetails" time="0.573"/>
  <testcase classname="Test.ComputerVillage" name="productReviews" time="0.521"/>
  <testcase classname="Test.ComputerVillage" name="addToCart" time="1.389"/>
  <testcase classname="Test.ComputerVillage" name="viewCart" time="0.367"/>
  <testcase classname="Test.ComputerVillage" name="updateQuantity" time="0.091"/>
  <testcase classname="Test.ComputerVillage" name="removeItems" time="11.229"/>
  <testcase classname="Test.ComputerVillage" name="checkOut" time="1.576"/>
  <testcase classname="Test.ComputerVillage" name="editProfile" time="1.081"/>
  <testcase classname="Test.ComputerVillage" name="changePassword" time="1.154"/>
  <testcase classname="Test.ComputerVillage" name="addAddress" time="1.612"/>
  <testcase classname="Test.ComputerVillage" name="orderHistory" time="1.025"/>
  <testcase classname="Test.ComputerVillage" name="transactionHistory" time="0.726"/>
  <testcase classname="Test.ComputerVillage" name="buildingPC" time="25.975"/>
</testsuite> <!-- Default test -->
